  ****************************************************
  *    USAF STABILITY AND CONTROL  DIGITAL DATCOM    *
  *    PROGRAM REV. JAN 96   DIRECT INQUIRIES TO:    *
  *    WRIGHT LABORATORY  (WL/FIGC)  ATTN: W. BLAKE  *
  *      WRIGHT PATTERSON AFB, OHIO  45433           *
  *    PHONE (513) 255-6764,   FAX (513) 258-4054    *
  ****************************************************
1                         CONERR - INPUT ERROR CHECKING
0 ERROR CODES - N* DENOTES THE NUMBER OF OCCURENCES OF EACH ERROR
0 A - UNKNOWN VARIABLE NAME
0 B - MISSING EQUAL SIGN FOLLOWING VARIABLE NAME
0 C - NON-ARRAY VARIABLE HAS AN ARRAY ELEMENT DESIGNATION - (N)
0 D - NON-ARRAY VARIABLE HAS MULTIPLE VALUES ASSIGNED
0 E - ASSIGNED VALUES EXCEED ARRAY DIMENSION
0 F - SYNTAX ERROR

0******************************  INPUT DATA CARDS  ******************************

 DIM CM                                                                          
  $FLTCON                                                                        
    NMACH=1.0,                                                                   
    MACH(1)=0.05,                                                                
    NALPHA=19.0,                                                                 
    ALSCHD(1)=-90.0, -80.0, -70.0, -60.0,                                        
              -50.0, -40.0, -30.0, -20.0,                                        
              -10.0, 0.0, 10.0, 20.0, 30.0,                                      
              40.0, 50.0, 60.0, 70.0, 80.0, 90.0,                                
    NALT=1.0,                                                                    
    ALT(1)=5000.0,                                                               
    LOOP=2.0$                                                                    
  $OPTINS                                                                        
    ROUGFC=0.002,                                                                
    SREF=45.603673118774797628847577616,                                         
    CBARR=7.62,                                                                  
    BLREF=7.62$                                                                  
  $SYNTHS                                                                        
    XCG=39.4$                                                                    
  $BODY                                                                          
    NX=3.0,                                                                      
    X(1)=0.0,80.0, 95.0,                                                         
    S(1)=45.603673118774797628847577616, 45.603673118774797628847577616, 0.0$    
1          THE FOLLOWING IS A LIST OF ALL INPUT CARDS FOR THIS CASE.
0
 DIM CM                                                                          
  $FLTCON                                                                        
    NMACH=1.0,                                                                   
    MACH(1)=0.05,                                                                
    NALPHA=19.0,                                                                 
    ALSCHD(1)=-90.0, -80.0, -70.0, -60.0,                                        
              -50.0, -40.0, -30.0, -20.0,                                        
              -10.0, 0.0, 10.0, 20.0, 30.0,                                      
              40.0, 50.0, 60.0, 70.0, 80.0, 90.0,                                
    NALT=1.0,                                                                    
    ALT(1)=5000.0,                                                               
    LOOP=2.0$                                                                    
  $OPTINS                                                                        
    ROUGFC=0.002,                                                                
    SREF=45.603673118774797628847577616,                                         
    CBARR=7.62,                                                                  
    BLREF=7.62$                                                                  
  $SYNTHS                                                                        
    XCG=39.4$                                                                    
  $BODY                                                                          
    NX=3.0,                                                                      
    X(1)=0.0,80.0, 95.0,                                                         
    S(1)=45.603673118774797628847577616, 45.603673118774797628847577616, 0.0$    
0 INPUT DIMENSIONS ARE IN CM, SCALE FACTOR IS 1.0000

1                               AUTOMATED STABILITY AND CONTROL METHODS PER APRIL 1976 VERSION OF DATCOM
                                         CHARACTERISTICS AT ANGLE OF ATTACK AND IN SIDESLIP
                                                   DATCOM BODY ALONE CONFIGURATION
 
 -----------------------  FLIGHT CONDITIONS  ------------------------           --------------  REFERENCE DIMENSIONS  ------------
  MACH    ALTITUDE   VELOCITY    PRESSURE    TEMPERATURE     REYNOLDS             REF.      REFERENCE LENGTH   MOMENT REF. CENTER
 NUMBER                                                       NUMBER              AREA       LONG.     LAT.     HORIZ      VERT
             CM       CM/SEC      N/CM**2       DEG K         1/ M               CM**2        CM        CM        CM        CM
0 0.050    5000.00    1700.32   1.0073E+05     287.825     1.1543E+06            45.000      7.620     7.620    39.400     0.000
0                                                               -------------------DERIVATIVE (PER DEGREE)-------------------
0 ALPHA     CD       CL       CM       CN       CA       XCP        CLA          CMA          CYB          CNB          CLB
0
  -90.0    2.035   -1.810   *******  -2.035   -1.810   11.837    2.011E-02    2.677E-01   -2.011E-02   -2.677E-01    0.000E+00
  -80.0    1.810   -1.609   *******  -2.062   -1.270   10.388    2.011E-02    2.677E-01   -2.011E-02   -2.677E-01    0.000E+00
  -70.0    1.548   -1.408   *******  -1.936   -0.794    9.678    2.011E-02    2.677E-01   -2.011E-02   -2.677E-01    0.000E+00
  -60.0    1.270   -1.207   *******  -1.704   -0.410    9.429    2.011E-02    2.677E-01   -2.011E-02   -2.677E-01    0.000E+00
  -50.0    0.996   -1.006   *******  -1.409   -0.131    9.499    2.011E-02    2.677E-01   -2.011E-02   -2.677E-01    0.000E+00
  -40.0    0.742   -0.805   *******  -1.093    0.051    9.793    2.011E-02    2.677E-01   -2.011E-02   -2.677E-01    0.000E+00
  -30.0    0.527   -0.603   -8.0315  -0.786    0.155   10.218    2.011E-02    2.677E-01   -2.011E-02   -2.677E-01    0.000E+00
  -20.0    0.363   -0.402   -5.3544  -0.502    0.203   10.664    2.011E-02    2.677E-01   -2.011E-02   -2.677E-01    0.000E+00
  -10.0    0.260   -0.201   -2.6772  -0.243    0.221   11.006    2.011E-02    2.677E-01   -2.011E-02   -2.677E-01    0.000E+00
    0.0    0.225    0.000    0.0000   0.000    0.225   ******    2.011E-02    2.677E-01   -2.011E-02   -2.677E-01    0.000E+00
   10.0    0.260    0.201    2.6772   0.243    0.221   11.006    2.011E-02    2.677E-01   -2.011E-02   -2.677E-01    0.000E+00
   20.0    0.363    0.402    5.3544   0.502    0.203   10.664    2.011E-02    2.677E-01   -2.011E-02   -2.677E-01    0.000E+00
   30.0    0.527    0.603    8.0315   0.786    0.155   10.218    2.011E-02    2.677E-01   -2.011E-02   -2.677E-01    0.000E+00
   40.0    0.742    0.805   10.7087   1.093    0.051    9.793    2.011E-02    2.677E-01   -2.011E-02   -2.677E-01    0.000E+00
   50.0    0.996    1.006   13.3859   1.409   -0.131    9.499    2.011E-02    2.677E-01   -2.011E-02   -2.677E-01    0.000E+00
   60.0    1.270    1.207   16.0631   1.704   -0.410    9.429    2.011E-02    2.677E-01   -2.011E-02   -2.677E-01    0.000E+00
   70.0    1.548    1.408   18.7402   1.936   -0.794    9.678    2.011E-02    2.677E-01   -2.011E-02   -2.677E-01    0.000E+00
   80.0    1.810    1.609   21.4174   2.062   -1.270   10.388    2.011E-02    2.677E-01   -2.011E-02   -2.677E-01    0.000E+00
   90.0    2.035    1.810   24.0946   2.035   -1.810   11.837    2.011E-02    2.677E-01   -2.011E-02   -2.677E-01    0.000E+00
1 END OF JOB.
